[debug] [2024-11-13T14:02:11.989Z] ----------------------------------------------------------------------
[debug] [2024-11-13T14:02:11.995Z] Command:       C:\Program Files\nodejs\node.exe C:\Users\User\AppData\Roaming\npm\node_modules\firebase-tools\lib\bin\firebase.js init
[debug] [2024-11-13T14:02:11.996Z] CLI Version:   13.20.2
[debug] [2024-11-13T14:02:11.996Z] Platform:      win32
[debug] [2024-11-13T14:02:11.996Z] Node Version:  v20.11.0
[debug] [2024-11-13T14:02:11.997Z] Time:          Wed Nov 13 2024 11:02:11 GMT-0300 (Horário Padrão de Brasília)
[debug] [2024-11-13T14:02:11.997Z] ----------------------------------------------------------------------
[debug] 
[debug] [2024-11-13T14:02:12.012Z] > command requires scopes: ["email","openid","https://www.googleapis.com/auth/cloudplatformprojects.readonly","https://www.googleapis.com/auth/firebase","https://www.googleapis.com/auth/cloud-platform"]
[debug] [2024-11-13T14:02:12.012Z] > authorizing via signed-in user (rogerioalmeida.tech@gmail.com)
[info] 
     ######## #### ########  ######## ########     ###     ######  ########
     ##        ##  ##     ## ##       ##     ##  ##   ##  ##       ##
     ######    ##  ########  ######   ########  #########  ######  ######
     ##        ##  ##    ##  ##       ##     ## ##     ##       ## ##
     ##       #### ##     ## ######## ########  ##     ##  ######  ########

You're about to initialize a Firebase project in this directory:

  C:\Users\User\Documents\pegardadosdoformulario

[info] 
=== Project Setup
[info] 
[info] First, let's associate this project directory with a Firebase project.
[info] You can create multiple project aliases by running firebase use --add, 
[info] but for now we'll just set up a default project.
[info] 
[debug] [2024-11-13T14:06:29.002Z] Checked if tokens are valid: false, expires at: 1730597621206
[debug] [2024-11-13T14:06:29.003Z] Checked if tokens are valid: false, expires at: 1730597621206
[debug] [2024-11-13T14:06:29.004Z] > refreshing access token with scopes: []
[debug] [2024-11-13T14:06:29.010Z] >>> [apiv2][query] POST https://www.googleapis.com/oauth2/v3/token [none]
[debug] [2024-11-13T14:06:29.011Z] >>> [apiv2][body] POST https://www.googleapis.com/oauth2/v3/token [omitted]
[debug] [2024-11-13T14:06:29.468Z] <<< [apiv2][status] POST https://www.googleapis.com/oauth2/v3/token 200
[debug] [2024-11-13T14:06:29.469Z] <<< [apiv2][body] POST https://www.googleapis.com/oauth2/v3/token [omitted]
[debug] [2024-11-13T14:06:29.493Z] >>> [apiv2][query] GET https://firebase.googleapis.com/v1beta1/projects pageSize=100
[debug] [2024-11-13T14:06:30.379Z] <<< [apiv2][status] GET https://firebase.googleapis.com/v1beta1/projects 200
[debug] [2024-11-13T14:06:30.380Z] <<< [apiv2][body] GET https://firebase.googleapis.com/v1beta1/projects [omitted]
[debug] [2024-11-13T14:18:35.680Z] ----------------------------------------------------------------------
[debug] [2024-11-13T14:18:35.687Z] Command:       C:\Program Files\nodejs\node.exe C:\Users\User\AppData\Roaming\npm\node_modules\firebase-tools\lib\bin\firebase.js init
[debug] [2024-11-13T14:18:35.688Z] CLI Version:   13.20.2
[debug] [2024-11-13T14:18:35.688Z] Platform:      win32
[debug] [2024-11-13T14:18:35.688Z] Node Version:  v20.11.0
[debug] [2024-11-13T14:18:35.688Z] Time:          Wed Nov 13 2024 11:18:35 GMT-0300 (Horário Padrão de Brasília)
[debug] [2024-11-13T14:18:35.689Z] ----------------------------------------------------------------------
[debug] 
[debug] [2024-11-13T14:18:35.705Z] > command requires scopes: ["email","openid","https://www.googleapis.com/auth/cloudplatformprojects.readonly","https://www.googleapis.com/auth/firebase","https://www.googleapis.com/auth/cloud-platform"]
[debug] [2024-11-13T14:18:35.706Z] > authorizing via signed-in user (rogerioalmeida.tech@gmail.com)
[info] 
     ######## #### ########  ######## ########     ###     ######  ########
     ##        ##  ##     ## ##       ##     ##  ##   ##  ##       ##
     ######    ##  ########  ######   ########  #########  ######  ######
     ##        ##  ##    ##  ##       ##     ## ##     ##       ## ##
     ##       #### ##     ## ######## ########  ##     ##  ######  ########

You're about to initialize a Firebase project in this directory:

  C:\Users\User\Documents\pegardadosdoformulario

[info] 
=== Project Setup
[info] 
[info] First, let's associate this project directory with a Firebase project.
[info] You can create multiple project aliases by running firebase use --add, 
[info] but for now we'll just set up a default project.
[info] 
[debug] [2024-11-13T14:23:04.750Z] ----------------------------------------------------------------------
[debug] [2024-11-13T14:23:04.756Z] Command:       C:\Program Files\nodejs\node.exe C:\Users\User\AppData\Roaming\npm\node_modules\firebase-tools\lib\bin\firebase.js init
[debug] [2024-11-13T14:23:04.757Z] CLI Version:   13.20.2
[debug] [2024-11-13T14:23:04.757Z] Platform:      win32
[debug] [2024-11-13T14:23:04.757Z] Node Version:  v20.11.0
[debug] [2024-11-13T14:23:04.757Z] Time:          Wed Nov 13 2024 11:23:04 GMT-0300 (Horário Padrão de Brasília)
[debug] [2024-11-13T14:23:04.758Z] ----------------------------------------------------------------------
[debug] 
[debug] [2024-11-13T14:23:04.775Z] > command requires scopes: ["email","openid","https://www.googleapis.com/auth/cloudplatformprojects.readonly","https://www.googleapis.com/auth/firebase","https://www.googleapis.com/auth/cloud-platform"]
[debug] [2024-11-13T14:23:04.777Z] > authorizing via signed-in user (rogerioalmeida.tech@gmail.com)
[info] 
     ######## #### ########  ######## ########     ###     ######  ########
     ##        ##  ##     ## ##       ##     ##  ##   ##  ##       ##
     ######    ##  ########  ######   ########  #########  ######  ######
     ##        ##  ##    ##  ##       ##     ## ##     ##       ## ##
     ##       #### ##     ## ######## ########  ##     ##  ######  ########

You're about to initialize a Firebase project in this directory:

  C:\Users\User\Documents\pegardadosdoformulario

[info] 
=== Project Setup
[info] 
[info] First, let's associate this project directory with a Firebase project.
[info] You can create multiple project aliases by running firebase use --add, 
[info] but for now we'll just set up a default project.
[info] 
[debug] [2024-11-13T14:24:26.224Z] Checked if tokens are valid: true, expires at: 1731510388469
[debug] [2024-11-13T14:24:26.225Z] Checked if tokens are valid: true, expires at: 1731510388469
[debug] [2024-11-13T14:24:26.228Z] >>> [apiv2][query] GET https://firebase.googleapis.com/v1beta1/projects pageSize=100
[debug] [2024-11-13T14:24:26.999Z] <<< [apiv2][status] GET https://firebase.googleapis.com/v1beta1/projects 200
[debug] [2024-11-13T14:24:27.000Z] <<< [apiv2][body] GET https://firebase.googleapis.com/v1beta1/projects [omitted]
[info] i  Using project geniusintech-fca65 (Geniusintech) 
[info] 
=== Hosting Setup
[debug] [2024-11-13T14:26:40.302Z] Checked if tokens are valid: true, expires at: 1731510388469
[debug] [2024-11-13T14:26:40.302Z] Checked if tokens are valid: true, expires at: 1731510388469
[debug] [2024-11-13T14:26:40.303Z] >>> [apiv2][query] GET https://firebase.googleapis.com/v1beta1/projects/geniusintech-fca65 [none]
[debug] [2024-11-13T14:26:40.751Z] <<< [apiv2][status] GET https://firebase.googleapis.com/v1beta1/projects/geniusintech-fca65 200
[debug] [2024-11-13T14:26:40.752Z] <<< [apiv2][body] GET https://firebase.googleapis.com/v1beta1/projects/geniusintech-fca65 {"projectId":"geniusintech-fca65","projectNumber":"991472694875","displayName":"Geniusintech","name":"projects/geniusintech-fca65","resources":{"hostingSite":"geniusintech-fca65"},"state":"ACTIVE","etag":"1_020e3136-e20c-4999-baee-b36510b4deca"}
[info] 
[info] Your public directory is the folder (relative to your project directory) that
[info] will contain Hosting assets to be uploaded with firebase deploy. If you
[info] have a build process for your assets, use your build's output directory.
[info] 
